[   36197ms] [ERROR] Failed to load resource: net::ERR_CONNECTION_REFUSED @ http://localhost:8080/servers/ui-extensions-dev-server:0
[   36449ms] [ERROR] Failed to load resource: the server responded with a status of 400 () @ https://app.hubspot.com/api/chirp-frontend-app/v1/gateway/com.hubspot.prospecting.agent.rpc.AgentRunService/checkEligibility?portalId=50769493&clienttimeout=5000&hs_static_app=crm-records-ui&hs_static_app_version=1.81808:0
[   86256ms] [ERROR] Failed to load resource: the server responded with a status of 400 () @ https://app.hubspot.com/api/crm-extensibility/execution/internal/v3/proxy?appId=31700045&portalId=50769493&clienttimeout=30000&hs_static_app=crm-records-ui&hs_static_app_version=1.81808:0
[  172562ms] [ERROR] Failed to load resource: the server responded with a status of 400 () @ https://app.hubspot.com/api/crm-extensibility/execution/internal/v3/proxy?appId=31700045&portalId=50769493&clienttimeout=30000&hs_static_app=crm-records-ui&hs_static_app_version=1.81808:0
[  228740ms] [ERROR] Failed to load resource: the server responded with a status of 404 () @ https://app.hubspot.com/api/ecosystem/v1/features?portalId=50769493&clienttimeout=14000&hs_static_app=IntegrationsUISpaceSword&hs_static_app_version=1.63700&featureType=DISCOVERY_CARD&sourceId=31700045&offeringType=APP:0
[  228743ms] [ERROR] Failed to load resource: the server responded with a status of 404 () @ https://app.hubspot.com/api/application/settings/v3/page/31700045?portalId=50769493&clienttimeout=14000&hs_static_app=IntegrationsUISpaceSword&hs_static_app_version=1.63700:0
[  228999ms] [ERROR] No tab component found for framework route with  {tabId: general-settings, subTabId: undefined} Redirecting to connected apps... @ https://static.hsappstatic.net/IntegrationsUISpaceSword/static-1.63700/bundles/settings.js:100
[  229161ms] [ERROR] Failed to load resource: the server responded with a status of 404 () @ https://app.hubspot.com/api/ecosystem/v1/features?portalId=50769493&clienttimeout=14000&hs_static_app=IntegrationsUISpaceSword&hs_static_app_version=1.63700&sourceId=31700045&featureType=DISCOVERY_CARD&offeringType=APP:0
[  229188ms] [ERROR] Failed to load resource: the server responded with a status of 404 () @ https://app.hubspot.com/api/ecosystem/v1/apps/details?portalId=50769493&clienttimeout=14000&hs_static_app=IntegrationsUISpaceSword&hs_static_app_version=1.63700&appId=31700045:0
[  229611ms] [WARNING] Failed to execute 'postMessage' on 'DOMWindow': The target origin provided ('https://app.hubspotqa.com') does not match the recipient window's origin ('https://app.hubspot.com'). @ https://static.hsappstatic.net/embedded-academy-ui/static-1.12754/bundles/static.js:25
[  229611ms] [WARNING] Failed to execute 'postMessage' on 'DOMWindow': The target origin provided ('https://app.hubteamqa.com') does not match the recipient window's origin ('https://app.hubspot.com'). @ https://static.hsappstatic.net/embedded-academy-ui/static-1.12754/bundles/static.js:25
[  229611ms] [WARNING] Failed to execute 'postMessage' on 'DOMWindow': The target origin provided ('https://app.hubteam.com') does not match the recipient window's origin ('https://app.hubspot.com'). @ https://static.hsappstatic.net/embedded-academy-ui/static-1.12754/bundles/static.js:25
[  229611ms] [WARNING] Failed to execute 'postMessage' on 'DOMWindow': The target origin provided ('https://local.hubspot.com') does not match the recipient window's origin ('https://app.hubspot.com'). @ https://static.hsappstatic.net/embedded-academy-ui/static-1.12754/bundles/static.js:25
[  229611ms] [WARNING] Failed to execute 'postMessage' on 'DOMWindow': The target origin provided ('https://local.hubspotqa.com') does not match the recipient window's origin ('https://app.hubspot.com'). @ https://static.hsappstatic.net/embedded-academy-ui/static-1.12754/bundles/static.js:25
[  229611ms] [WARNING] Failed to execute 'postMessage' on 'DOMWindow': The target origin provided ('https://local.hubteam.com') does not match the recipient window's origin ('https://app.hubspot.com'). @ https://static.hsappstatic.net/embedded-academy-ui/static-1.12754/bundles/static.js:25
[  229611ms] [WARNING] Failed to execute 'postMessage' on 'DOMWindow': The target origin provided ('https://local.hubteamqa.com') does not match the recipient window's origin ('https://app.hubspot.com'). @ https://static.hsappstatic.net/embedded-academy-ui/static-1.12754/bundles/static.js:25
[  229611ms] [WARNING] Failed to execute 'postMessage' on 'DOMWindow': The target origin provided ('https://app.hubspotqa.com') does not match the recipient window's origin ('https://app.hubspot.com'). @ https://static.hsappstatic.net/embedded-academy-ui/static-1.12754/bundles/static.js:25
[  229611ms] [WARNING] Failed to execute 'postMessage' on 'DOMWindow': The target origin provided ('https://app.hubteamqa.com') does not match the recipient window's origin ('https://app.hubspot.com'). @ https://static.hsappstatic.net/embedded-academy-ui/static-1.12754/bundles/static.js:25
[  229611ms] [WARNING] Failed to execute 'postMessage' on 'DOMWindow': The target origin provided ('https://app.hubteam.com') does not match the recipient window's origin ('https://app.hubspot.com'). @ https://static.hsappstatic.net/embedded-academy-ui/static-1.12754/bundles/static.js:25
[  229611ms] [WARNING] Failed to execute 'postMessage' on 'DOMWindow': The target origin provided ('https://local.hubspot.com') does not match the recipient window's origin ('https://app.hubspot.com'). @ https://static.hsappstatic.net/embedded-academy-ui/static-1.12754/bundles/static.js:25
[  229611ms] [WARNING] Failed to execute 'postMessage' on 'DOMWindow': The target origin provided ('https://local.hubspotqa.com') does not match the recipient window's origin ('https://app.hubspot.com'). @ https://static.hsappstatic.net/embedded-academy-ui/static-1.12754/bundles/static.js:25
[  229611ms] [WARNING] Failed to execute 'postMessage' on 'DOMWindow': The target origin provided ('https://local.hubteam.com') does not match the recipient window's origin ('https://app.hubspot.com'). @ https://static.hsappstatic.net/embedded-academy-ui/static-1.12754/bundles/static.js:25
[  229611ms] [WARNING] Failed to execute 'postMessage' on 'DOMWindow': The target origin provided ('https://local.hubteamqa.com') does not match the recipient window's origin ('https://app.hubspot.com'). @ https://static.hsappstatic.net/embedded-academy-ui/static-1.12754/bundles/static.js:25
[  229743ms] [ERROR] Failed to load resource: the server responded with a status of 404 () @ https://app.hubspot.com/api/ecosystem/v1/apps/details?appId=31700045&portalId=50769493&clienttimeout=14000&hs_static_app=IntegrationsUISpaceSword&hs_static_app_version=1.63700:0
[  358101ms] [ERROR] Failed to load resource: net::ERR_CONNECTION_REFUSED @ http://localhost:8080/servers/ui-extensions-dev-server:0
[  358322ms] [ERROR] Failed to load resource: the server responded with a status of 400 () @ https://app.hubspot.com/api/chirp-frontend-app/v1/gateway/com.hubspot.prospecting.agent.rpc.AgentRunService/checkEligibility?portalId=50769493&clienttimeout=5000&hs_static_app=crm-records-ui&hs_static_app_version=1.81808:0
[  432502ms] [WARNING] Amplitude Logger [Warn]: Remote config fetch rejected due to exceeded retry count @ https://static.hsappstatic.net/crm-index-ui/static-2.51431/app.repackages.js:1
[  435889ms] [ERROR] Failed to load resource: net::ERR_CONNECTION_REFUSED @ http://localhost:8080/servers/ui-extensions-dev-server:0
[  436208ms] [ERROR] Failed to load resource: the server responded with a status of 400 () @ https://app.hubspot.com/api/chirp-frontend-app/v1/gateway/com.hubspot.prospecting.agent.rpc.AgentRunService/checkEligibility?portalId=50769493&clienttimeout=5000&hs_static_app=crm-records-ui&hs_static_app_version=1.81808:0
[  506598ms] [ERROR] [metrics-js] hs_static_app is unknown, dropping metrics Error: metrics-js: hs_static_app is unknown, cannot send metrics to backend
    at f (https://static.hsappstatic.net/whisper-core/static-1.8454/whisper-core-entry.js:2:61677)
    at flush (https://static.hsappstatic.net/whisper-core/static-1.8454/whisper-core-entry.js:2:62592) @ https://static.hsappstatic.net/whisper-core/static-1.8454/whisper-core-entry.js:1
[  578736ms] [ERROR] Failed to load resource: net::ERR_HTTP2_PROTOCOL_ERROR @ https://chirp-stream-app-na1.hubspot.com/chirp-frontend-app-stream/v1/gateway/com.hubspot.crm.streaming.views.rpc.CRMStreamingViewsRpc/streamObjectUpdates/stream?clienttimeout=18000000&portalId=50769493:0
[  616821ms] [WARNING] Amplitude Logger [Warn]: Remote config fetch rejected due to exceeded retry count @ https://static.hsappstatic.net/crm-index-ui/static-2.51431/app.repackages.js:1
[  623181ms] [WARNING] Deprecation warning: moment().subtract(period, number) is deprecated. Please use moment().subtract(number, period). See http://momentjs.com/guides/#/warnings/add-inverted-param/ for more info. @ https://static.hsappstatic.net/object-builder-ui/static-1.53721/app.repackages.js:1
[  751231ms] [ERROR] Failed to load resource: net::ERR_HTTP2_PROTOCOL_ERROR @ https://chirp-stream-app-na1.hubspot.com/chirp-frontend-app-stream/v1/gateway/com.hubspot.crm.streaming.views.rpc.CRMStreamingViewsRpc/streamObjectUpdates/stream?clienttimeout=18000000&portalId=50769493:0
[  808809ms] [ERROR] [metrics-js] hs_static_app is unknown, dropping metrics Error: metrics-js: hs_static_app is unknown, cannot send metrics to backend
    at f (https://static.hsappstatic.net/whisper-core/static-1.8454/whisper-core-entry.js:2:61677)
    at y.flush (https://static.hsappstatic.net/whisper-core/static-1.8454/whisper-core-entry.js:2:62592)
    at y.stop (https://static.hsappstatic.net/whisper-core/static-1.8454/whisper-core-entry.js:2:63156)
    at eagerlyFlushQueueOnUnload (https://static.hsappstatic.net/whisper-core/static-1.8454/whisper-core-entry.js:2:62708) @ https://static.hsappstatic.net/whisper-core/static-1.8454/whisper-core-entry.js:1
[  809750ms] [WARNING] Progress: Use a descriptiveLabel prop when using this component to meet accessibility standards. If one is not needed in your design, use an aria-label to indicate the content of the Progress instead. @ https://static.hsappstatic.net/developer-overview/static-1.2892/app.js:24
[  843252ms] [WARNING] The AudioContext was not allowed to start. It must be resumed (or created) after a user gesture on the page. https://developer.chrome.com/blog/autoplay/#web_audio @ https://static.hsappstatic.net/notifications/static-1.13499/bundles/project.js:24
[ 2213704ms] [WARNING] Amplitude Logger [Warn]: Remote config fetch rejected due to exceeded retry count @ https://static.hsappstatic.net/developer-projects-ui/static-1.11052/app.repackages.js:1
[ 2266319ms] [ERROR] [metrics-js] hs_static_app is unknown, dropping metrics Error: metrics-js: hs_static_app is unknown, cannot send metrics to backend
    at f (https://static.hsappstatic.net/whisper-core/static-1.8454/whisper-core-entry.js:2:61677)
    at flush (https://static.hsappstatic.net/whisper-core/static-1.8454/whisper-core-entry.js:2:62592) @ https://static.hsappstatic.net/whisper-core/static-1.8454/whisper-core-entry.js:1
