[   73397ms] [ERROR] [metrics-js] hs_static_app is unknown, dropping metrics Error: metrics-js: hs_static_app is unknown, cannot send metrics to backend
    at f (https://static.hsappstatic.net/whisper-core/static-1.8454/whisper-core-entry.js:2:61677)
    at y.flush (https://static.hsappstatic.net/whisper-core/static-1.8454/whisper-core-entry.js:2:62592)
    at y.stop (https://static.hsappstatic.net/whisper-core/static-1.8454/whisper-core-entry.js:2:63156)
    at eagerlyFlushQueueOnUnload (https://static.hsappstatic.net/whisper-core/static-1.8454/whisper-core-entry.js:2:62708) @ https://static.hsappstatic.net/whisper-core/static-1.8454/whisper-core-entry.js:1
[   74312ms] [WARNING] Progress: Use a descriptiveLabel prop when using this component to meet accessibility standards. If one is not needed in your design, use an aria-label to indicate the content of the Progress instead. @ https://static.hsappstatic.net/developer-overview/static-1.2892/app.js:24
[  126328ms] [ERROR] Failed to load resource: net::ERR_CONNECTION_REFUSED @ http://localhost:8080/servers:0
[  126329ms] [ERROR] No running `hs project dev` process found @ https://static.hsappstatic.net/static-token-app-install-ui/static-1.2329/app.js:24
[  136298ms] [ERROR] Failed to load resource: the server responded with a status of 404 () @ https://app.hubspot.com/api/ecosystem/v1/features?portalId=50769493&clienttimeout=14000&hs_static_app=IntegrationsUISpaceSword&hs_static_app_version=1.63700&featureType=DISCOVERY_CARD&sourceId=31700045&offeringType=APP:0
[  136317ms] [ERROR] Failed to load resource: the server responded with a status of 404 () @ https://app.hubspot.com/api/application/settings/v3/page/31700045?portalId=50769493&clienttimeout=14000&hs_static_app=IntegrationsUISpaceSword&hs_static_app_version=1.63700:0
[  136668ms] [ERROR] Failed to load resource: the server responded with a status of 404 () @ https://app.hubspot.com/api/ecosystem/v1/features?portalId=50769493&clienttimeout=14000&hs_static_app=IntegrationsUISpaceSword&hs_static_app_version=1.63700&sourceId=31700045&featureType=DISCOVERY_CARD&offeringType=APP:0
[  136755ms] [ERROR] Failed to load resource: the server responded with a status of 404 () @ https://app.hubspot.com/api/ecosystem/v1/apps/details?portalId=50769493&clienttimeout=14000&hs_static_app=IntegrationsUISpaceSword&hs_static_app_version=1.63700&appId=31700045:0
[  137123ms] [WARNING] Failed to execute 'postMessage' on 'DOMWindow': The target origin provided ('https://app.hubspotqa.com') does not match the recipient window's origin ('https://app.hubspot.com'). @ https://static.hsappstatic.net/embedded-academy-ui/static-1.12754/bundles/static.js:25
[  137123ms] [WARNING] Failed to execute 'postMessage' on 'DOMWindow': The target origin provided ('https://app.hubteamqa.com') does not match the recipient window's origin ('https://app.hubspot.com'). @ https://static.hsappstatic.net/embedded-academy-ui/static-1.12754/bundles/static.js:25
[  137123ms] [WARNING] Failed to execute 'postMessage' on 'DOMWindow': The target origin provided ('https://app.hubteam.com') does not match the recipient window's origin ('https://app.hubspot.com'). @ https://static.hsappstatic.net/embedded-academy-ui/static-1.12754/bundles/static.js:25
[  137123ms] [WARNING] Failed to execute 'postMessage' on 'DOMWindow': The target origin provided ('https://local.hubspot.com') does not match the recipient window's origin ('https://app.hubspot.com'). @ https://static.hsappstatic.net/embedded-academy-ui/static-1.12754/bundles/static.js:25
[  137123ms] [WARNING] Failed to execute 'postMessage' on 'DOMWindow': The target origin provided ('https://local.hubspotqa.com') does not match the recipient window's origin ('https://app.hubspot.com'). @ https://static.hsappstatic.net/embedded-academy-ui/static-1.12754/bundles/static.js:25
[  137123ms] [WARNING] Failed to execute 'postMessage' on 'DOMWindow': The target origin provided ('https://local.hubteam.com') does not match the recipient window's origin ('https://app.hubspot.com'). @ https://static.hsappstatic.net/embedded-academy-ui/static-1.12754/bundles/static.js:25
[  137123ms] [WARNING] Failed to execute 'postMessage' on 'DOMWindow': The target origin provided ('https://local.hubteamqa.com') does not match the recipient window's origin ('https://app.hubspot.com'). @ https://static.hsappstatic.net/embedded-academy-ui/static-1.12754/bundles/static.js:25
[  137123ms] [WARNING] Failed to execute 'postMessage' on 'DOMWindow': The target origin provided ('https://app.hubspotqa.com') does not match the recipient window's origin ('https://app.hubspot.com'). @ https://static.hsappstatic.net/embedded-academy-ui/static-1.12754/bundles/static.js:25
[  137123ms] [WARNING] Failed to execute 'postMessage' on 'DOMWindow': The target origin provided ('https://app.hubteamqa.com') does not match the recipient window's origin ('https://app.hubspot.com'). @ https://static.hsappstatic.net/embedded-academy-ui/static-1.12754/bundles/static.js:25
[  137123ms] [WARNING] Failed to execute 'postMessage' on 'DOMWindow': The target origin provided ('https://app.hubteam.com') does not match the recipient window's origin ('https://app.hubspot.com'). @ https://static.hsappstatic.net/embedded-academy-ui/static-1.12754/bundles/static.js:25
[  137123ms] [WARNING] Failed to execute 'postMessage' on 'DOMWindow': The target origin provided ('https://local.hubspot.com') does not match the recipient window's origin ('https://app.hubspot.com'). @ https://static.hsappstatic.net/embedded-academy-ui/static-1.12754/bundles/static.js:25
[  137123ms] [WARNING] Failed to execute 'postMessage' on 'DOMWindow': The target origin provided ('https://local.hubspotqa.com') does not match the recipient window's origin ('https://app.hubspot.com'). @ https://static.hsappstatic.net/embedded-academy-ui/static-1.12754/bundles/static.js:25
[  137124ms] [WARNING] Failed to execute 'postMessage' on 'DOMWindow': The target origin provided ('https://local.hubteam.com') does not match the recipient window's origin ('https://app.hubspot.com'). @ https://static.hsappstatic.net/embedded-academy-ui/static-1.12754/bundles/static.js:25
[  137124ms] [WARNING] Failed to execute 'postMessage' on 'DOMWindow': The target origin provided ('https://local.hubteamqa.com') does not match the recipient window's origin ('https://app.hubspot.com'). @ https://static.hsappstatic.net/embedded-academy-ui/static-1.12754/bundles/static.js:25
[  137141ms] [ERROR] Failed to load resource: the server responded with a status of 404 () @ https://app.hubspot.com/api/ecosystem/v1/apps/details?appId=31700045&portalId=50769493&clienttimeout=14000&hs_static_app=IntegrationsUISpaceSword&hs_static_app_version=1.63700:0
