[     288ms] [ERROR] No CSRF Cookie found. @ https://app.hubspot.com/sales-products-settings/50769493/object/0-1/record-customization:3
[     288ms] [ERROR] No CSRF Cookie found. @ https://app.hubspot.com/sales-products-settings/50769493/object/0-1/record-customization:3
[     400ms] [ERROR] Failed to load resource: the server responded with a status of 401 () @ https://app.hubspot.com/api/login-verify/hub-user-info?early=true&hs_static_app=crm-record-views-ui&hs_static_app_version=1.24095&portalId=50769493&clienttimeout=3000:0
[     400ms] [ERROR] [hub-http] EarlyRequester token refresh attempt failed with status 401:  @ https://static.hsappstatic.net/hubspot-dlb/static-2.1773/bundle.production.js:0
[     403ms] [ERROR] Failed to load resource: the server responded with a status of 401 () @ https://app.hubspot.com/api/inbounddb-meta/v1/object-types/0-1?hs_static_app=crm-record-views-ui&hs_static_app_version=1.24095&portalId=50769493:0
[     509ms] [ERROR] Failed to load resource: the server responded with a status of 401 () @ https://app.hubspot.com/api/login-verify/hub-user-info?portalId=50769493&hs_static_app=crm-record-views-ui&hs_static_app_version=1.24095&skipMigrationCheck=false:0
[     537ms] Error: Aborting: redirection in progress
    at u (https://static.hsappstatic.net/hubspot-dlb/static-2.1773/bundle.production.js:1:16081)
    at w (https://static.hsappstatic.net/hubspot-dlb/static-2.1773/bundle.production.js:1:48828)
    at https://static.hsappstatic.net/hubspot-dlb/static-2.1773/bundle.production.js:1:48946
    at https://static.hsappstatic.net/hubspot-dlb/static-2.1773/bundle.production.js:1:23802
    at async Fe (https://static.hsappstatic.net/crm-record-views-ui/static-1.24095/app.js:100:4093)
    at async Fn (https://static.hsappstatic.net/crm-record-views-ui/static-1.24095/app.js:100:30629)
[     619ms] [ERROR] Failed to load resource: the server responded with a status of 401 () @ https://app.hubspot.com/api/navconfig/v5/navconfig?portalId=50769493&clienttimeout=14000&hs_static_app=crm-record-views-ui&hs_static_app_version=1.24095:0
[     620ms] [ERROR] Failed to load resource: the server responded with a status of 401 () @ https://app.hubspot.com/api/chirp-frontend-app/v1/gateway/com.hubspot.nav.config.rpc.PersonalisedNavService/getPersonalisedNav?portalId=50769493&clienttimeout=5000&hs_static_app=crm-record-views-ui&hs_static_app_version=1.24095:0
[     729ms] [WARNING] [quick-fetch] quickFetchScript was not included or running in Node.js environment. Falling back to stubbed implementation. @ https://static.hsappstatic.net/LoginUI/static-1.14471/bundles/project.js:1
[    1084ms] [ERROR] Failed to load resource: the server responded with a status of 401 () @ https://api.hubspot.com/login-api/v1/bypass/hubless?clienttimeout=14000&hs_static_app=LoginUI&hs_static_app_version=1.14471:0
[   27644ms] [ERROR] Failed to load resource: the server responded with a status of 401 () @ https://hubspot.okta.com/idp/idx/challenge/answer:0
[   35492ms] [WARNING] [quick-fetch] quickFetchScript was not included or running in Node.js environment. Falling back to stubbed implementation. @ https://static.hsappstatic.net/LoginUI/static-1.14471/bundles/project.js:1
[   35943ms] [WARNING] [quick-fetch] quickFetchScript was not included or running in Node.js environment. Falling back to stubbed implementation. @ https://static.hsappstatic.net/LoginUI/static-1.14471/bundles/project.js:1
